Partlist

Exported from MS-v4.1.brd at 1/4/2010 9:55:41 AM

EAGLE Version 5.6.0 Copyright (c) 1988-2009 CadSoft

Part     Value          Package       Library      Position (mm)         Orientation

C1       0.1            C050-025X075  rcl          (37.465 84.455)       R0
C2       330p           C050-025X075  rcl          (50.8 92.71)          R180
C3       0.1            C050-025X075  rcl          (52.705 95.25)        R180
C4                      E5-10,5       rcl          (5.08 94.615)         R180
C5                      C050-025X075  rcl          (18.415 80.645)       R90
C6       0.1            C050-025X075  rcl          (17.78 72.39)         R90
C7                      E5-10,5       rcl          (15.24 94.615)        R180
C8       220x6.3v       E2,5-5        rcl          (68.58 60.325)        R0
C9       220x6.3v       E2,5-5        rcl          (73.66 60.325)        R180
C10      220x6.3v       E2,5-5        rcl          (71.12 47.625)        R180
C11      220x6.3v       E2,5-5        rcl          (66.04 47.625)        R0
C12      0.1            C050-025X075  rcl          (87.63 84.455)        R0
C13      0.1            C050-025X075  rcl          (102.87 95.25)        R180
C14      330p           C050-025X075  rcl          (100.965 92.71)       R180
C15      0.1            C050-025X075  rcl          (100.33 24.13)        R180
C16      0.1            C050-025X075  rcl          (85.09 12.7)          R0
C17      330p           C050-025X075  rcl          (86.995 15.24)        R0
C18      0.1            C050-025X075  rcl          (50.165 24.13)        R180
C19      0.1            C050-025X075  rcl          (34.29 12.7)          R0
C20      330p           C050-025X075  rcl          (36.83 15.24)         R0
C21      0.1            C050-025X075  rcl          (13.335 65.405)       R180
C22                     E5-10,5       rcl          (120.015 12.065)      R270
C23                     E5-10,5       rcl          (69.85 12.065)        R270
C24                     E5-10,5       rcl          (67.945 95.885)       R90
C25                     E5-10,5       rcl          (118.11 95.885)       R90
D1       1N40041        DO41-10       diode        (31.75 73.025)        R90
D2       1N40041        DO41-10       diode        (38.735 73.025)       R90
D3       1N40041        DO41-10       diode        (43.815 73.025)       R90
D4       1N40041        DO41-10       diode        (50.8 73.025)         R90
D5       1N40041        DO41-10       diode        (34.29 73.025)        R270
D6       1N40041        DO41-10       diode        (41.275 73.025)       R270
D7       1N40041        DO41-10       diode        (46.355 73.025)       R270
D8       1N40041        DO41-10       diode        (53.34 73.025)        R270
D9       BAS15          DO34-7        diode        (58.42 60.6425)       R0
D10      BAS15          DO34-7        diode        (84.455 57.785)       R180
D11      BAS15          DO34-7        diode        (78.74 44.45)         R180
D12      BAS15          DO34-7        diode        (55.88 50.165)        R0
D13      1N40041        DO41-10       diode        (81.915 73.025)       R90
D14      1N40041        DO41-10       diode        (89.2175 73.025)      R90
D15      1N40041        DO41-10       diode        (94.2975 73.025)      R90
D16      1N40041        DO41-10       diode        (101.2825 73.025)     R90
D17      1N40041        DO41-10       diode        (84.455 73.025)       R270
D18      1N40041        DO41-10       diode        (91.7575 73.025)      R270
D19      1N40041        DO41-10       diode        (96.8375 73.025)      R270
D20      1N40041        DO41-10       diode        (103.8225 73.025)     R270
D21      1N40041        DO41-10       diode        (100.965 34.925)      R270
D22      1N40041        DO41-10       diode        (93.345 34.925)       R270
D23      1N40041        DO41-10       diode        (88.265 34.925)       R270
D24      1N40041        DO41-10       diode        (80.645 34.925)       R270
D25      1N40041        DO41-10       diode        (103.505 34.925)      R90
D26      1N40041        DO41-10       diode        (95.885 34.925)       R90
D27      1N40041        DO41-10       diode        (90.805 34.925)       R90
D28      1N40041        DO41-10       diode        (83.185 34.925)       R90
D29      1N40041        DO41-10       diode        (50.8 34.925)         R270
D30      1N40041        DO41-10       diode        (43.4975 34.925)      R270
D31      1N40041        DO41-10       diode        (38.4175 34.925)      R270
D32      1N40041        DO41-10       diode        (31.4325 34.925)      R270
D33      1N40041        DO41-10       diode        (53.34 34.925)        R90
D34      1N40041        DO41-10       diode        (46.0375 34.925)      R90
D35      1N40041        DO41-10       diode        (40.9575 34.925)      R90
D36      1N40041        DO41-10       diode        (33.9725 34.925)      R90
IC1      TB6560-1       HZIP25-P-1.27 toshiba      (41.91 85.725)        R180
IC2                     317TS         v-reg        (24.13 69.215)        R270
IC3      74LS08N        DIL14         74xx-eu      (69.85 53.975)        R0
IC4      TB6560-1       HZIP25-P-1.27 toshiba      (92.075 85.725)       R180
IC5      TB6560-1       HZIP25-P-1.27 toshiba      (95.885 22.225)       R0
IC6      TB6560-1       HZIP25-P-1.27 toshiba      (45.72 22.225)        R0
IC7                     317TS         v-reg        (24.13 80.01)         R270
J1       J1             6410-04       con-molex    (19.685 57.785)       R270
J2       J1             6410-04       con-molex    (19.685 45.72)        R270
J3       J1             6410-04       con-molex    (19.685 33.655)       R270
J4       J1             6410-04       con-molex    (19.685 21.59)        R270
J5       22-27-2021-02  6410-02       con-molex    (3.81 62.23)          R180
JP1                     JP3Q          jumper       (117.475 88.265)      R180
JP2                     JP3Q          jumper       (67.31 88.265)        R180
JP3                     JP3Q          jumper       (66.675 19.685)       R0
JP4                     JP3Q          jumper       (116.205 19.685)      R0
K2       G5L            G5LE          relay        (8.89 77.47)          R270
LED1                    LED3MM        led          (21.9075 104.775)     R180
LED2                    LED3MM        led          (22.225 100.33)       R270
LED4                    LED3MM        led          (72.39 101.6)         R270
LED6                    LED3MM        led          (116.205 4.445)       R90
LED8                    LED3MM        led          (65.405 7.62)         R90
R1       47k            0207/10       rcl          (83.185 60.96)        R0
R2       47k            0207/10       rcl          (59.69 62.5475)       R180
R3       47k            0207/10       rcl          (80.01 46.99)         R0
R4       47k            0207/10       rcl          (57.15 47.625)        R180
R5                      0207/12       rcl          (73.66 78.105)        R90
R6                      0207/12       rcl          (68.58 78.105)        R90
R7                      0207/12       rcl          (63.5 78.105)         R90
R8                      0207/12       rcl          (71.12 78.105)        R90
R9                      0207/12       rcl          (66.04 78.105)        R90
R10                     0207/12       rcl          (60.96 78.105)        R90
R11                     0207/12       rcl          (123.19 76.835)       R90
R12                     0207/12       rcl          (118.11 76.835)       R90
R13      1k             0207/2V       rcl          (25.4 73.025)         R270
R14      330            0207/2V       rcl          (25.4 67.945)         R270
R15                     0207/12       rcl          (113.03 76.835)       R90
R16      10k            0207/5V       rcl          (59.69 93.345)        R0
R17                     0207/12       rcl          (120.65 76.835)       R90
R18                     0207/12       rcl          (115.57 76.835)       R90
R19                     0207/12       rcl          (110.49 76.835)       R90
R20      1k             0207/2V       rcl          (18.0975 103.505)     R270
R21      1k             0207/15       rcl          (30.48 92.71)         R180
R22      2.8k           0207/2V       rcl          (25.4 83.185)         R270
R23      1k             0207/15       rcl          (80.645 92.71)        R180
R24      330            0207/2V       rcl          (25.4 78.105)         R270
R25      10k            0207/5V       rcl          (109.855 93.345)      R0
R26                     0207/12       rcl          (57.15 29.845)        R270
R27                     0207/12       rcl          (62.23 29.845)        R270
R28                     0207/12       rcl          (67.31 29.845)        R270
R29                     0207/12       rcl          (59.69 29.845)        R270
R30                     0207/12       rcl          (64.77 29.845)        R270
R31                     0207/12       rcl          (69.85 29.845)        R270
R32      1k             0207/15       rcl          (107.315 15.24)       R0
R34      10k            0207/5V       rcl          (78.105 14.605)       R180
R35                     0207/12       rcl          (107.315 29.845)      R270
R36                     0207/12       rcl          (112.395 29.845)      R270
R37                     0207/12       rcl          (117.475 29.845)      R270
R38                     0207/12       rcl          (109.855 29.845)      R270
R39                     0207/12       rcl          (114.935 29.845)      R270
R40                     0207/12       rcl          (120.015 29.845)      R270
R41      1k             0207/15       rcl          (57.15 15.24)         R0
R43      10k            0207/5V       rcl          (27.94 14.605)        R180
RN1      10k            SIL7          resistor-sil (31.75 94.615)        R0
RN2                     SIL10         resistor-sil (12.7 39.6875)        R270
RN3      10k            SIL7          resistor-sil (81.915 94.615)       R0
RN4      10k            SIL7          resistor-sil (106.045 13.335)      R180
RN5      10k            SIL7          resistor-sil (55.88 13.335)        R180
S                       DIP06YL       switch-dil   (33.02 100.965)       R180
S1                      DIP06YL       switch-dil   (83.185 100.965)      R180
S2                      DIP06YL       switch-dil   (104.775 6.985)       R0
S3                      DIP06YL       switch-dil   (54.61 6.985)         R0
X1                      AK500/4       con-ptr500   (102.87 100.0125)     R0
X2                      M25HP         con-subd     (8.89 32.385)         R270
X3                      AK500/4       con-ptr500   (52.705 100.0125)     R0
X4                      AK500/4       con-ptr500   (85.09 7.9375)        R180
X5                      AK500/4       con-ptr500   (34.925 7.9375)       R180
X6                      AK500/2       con-ptr500   (11.43 103.505)       R0
