Netlist

Exported from MS-v4.1.brd at 1/4/2010 9:55:26 AM

EAGLE Version 5.6.0 Copyright (c) 1988-2009 CadSoft

Net      Part     Pad

+5V      C1       1
         C12      1
         C15      1
         C18      1
         C6       1
         C7       +
         IC1      20
         IC2      2
         IC3      14
         IC4      20
         IC5      20
         IC6      20
         K2       1
         LED1     A
         LED2     A
         LED4     A
         LED6     A
         LED8     A
         R14      2
         R16      2
         R25      2
         R34      2
         R43      2
         RN2      1
         S        3
         S        4
         S        5
         S        6
         S1       3
         S1       4
         S1       5
         S1       6
         S2       3
         S2       4
         S2       5
         S2       6
         S3       3
         S3       4
         S3       5
         S3       6

+12V     C21      1
         IC2      3
         IC7      2
         J5       2
         R24      2

+24V     C22      +
         C23      +
         C24      +
         C25      +
         D1       C
         D13      C
         D14      C
         D15      C
         D16      C
         D2       C
         D21      C
         D22      C
         D23      C
         D24      C
         D29      C
         D3       C
         D30      C
         D31      C
         D32      C
         D4       C
         IC1      18
         IC1      8
         IC4      18
         IC4      8
         IC5      18
         IC5      8
         IC6      18
         IC6      8
         K2       S

A-DIR    IC6      21
         J4       1
         RN2      10
         X2       9

A-ENABLE IC6      4
         J4       2

A-STEP   D12      C
         IC6      3
         J4       3
         R4       2
         RN2      9
         X2       8

A-TQ     IC3      3
         S3       1
         S3       2

DCY1     IC1      25
         RN1      2
         S        7

DCY2     IC1      24
         RN1      3
         S        8

DCY3     IC4      25
         RN3      2
         S1       7

DCY4     IC4      24
         RN3      3
         S1       8

DCY5     IC5      25
         RN4      2
         S2       7

DCY6     IC5      24
         RN4      3
         S2       8

DCY7     IC6      25
         RN5      2
         S3       7

DCY8     IC6      24
         RN5      3
         S3       8

ENABLE   RN2      2
         X2       14

GND      C1       2
         C10      -
         C11      -
         C12      2
         C13      2
         C14      2
         C15      2
         C16      2
         C17      2
         C18      2
         C19      2
         C2       2
         C20      2
         C21      2
         C22      -
         C23      -
         C24      -
         C25      -
         C3       2
         C4       -
         C5       2
         C6       2
         C7       -
         C8       -
         C9       -
         D17      A
         D18      A
         D19      A
         D20      A
         D25      A
         D26      A
         D27      A
         D28      A
         D33      A
         D34      A
         D35      A
         D36      A
         D5       A
         D6       A
         D7       A
         D8       A
         IC1      10
         IC1      15
         IC1      6
         IC3      7
         IC4      10
         IC4      15
         IC4      6
         IC5      10
         IC5      15
         IC5      6
         IC6      10
         IC6      15
         IC6      6
         J1       4
         J2       4
         J3       4
         J4       4
         J5       1
         JP1      1
         JP1      3
         JP1      5
         JP2      1
         JP2      3
         JP2      5
         JP3      1
         JP3      3
         JP3      5
         JP4      1
         JP4      3
         JP4      5
         K2       2
         R13      1
         R20      1
         R22      1
         RN1      1
         RN3      1
         RN4      1
         RN5      1
         X2       18
         X2       19
         X2       20
         X2       21
         X2       22
         X2       23
         X2       24
         X2       25
         X6       2

M1       IC1      23
         RN1      4
         S        9

M2       IC1      22
         RN1      5
         S        10

M3       IC4      23
         RN3      4
         S1       9

M4       IC4      22
         RN3      5
         S1       10

M5       IC5      23
         RN4      4
         S2       9

M6       IC5      22
         RN4      5
         S2       10

M7       IC6      23
         RN5      4
         S3       9

M8       IC6      22
         RN5      5
         S3       10

N$1      IC1      11
         R5       1
         R6       1
         R7       1

N$2      IC1      14
         R10      1
         R8       1
         R9       1

N$3      JP2      6
         R10      2
         R7       2

N$4      JP2      4
         R6       2
         R9       2

N$5      JP2      2
         R5       2
         R8       2

N$6      IC6      11
         R26      1
         R27      1
         R28      1

N$7      IC6      14
         R29      1
         R30      1
         R31      1

N$8      JP3      6
         R28      2
         R31      2

N$9      C2       1
         IC1      7

N$10     IC1      17
         R21      1

N$11     IC7      1
         R22      2
         R24      1

N$14     D1       A
         D5       C
         IC1      16
         X3       1

N$15     D2       A
         D6       C
         IC1      13
         X3       2

N$16     D3       A
         D7       C
         IC1      12
         X3       3

N$17     D4       A
         D8       C
         IC1      9
         X3       4

N$19     C4       +
         C5       1
         IC7      3
         K2       P
         X6       1

N$20     IC2      1
         R13      2
         R14      1

N$21     C8       +
         D9       A
         IC3      12
         IC3      13
         R2       1

N$22     C9       +
         D10      A
         IC3      10
         IC3      9
         R1       1

N$23     LED1     K
         R20      2

N$24     LED2     K
         R21      2

N$26     C10      +
         D11      A
         IC3      4
         IC3      5
         R3       1

N$27     C11      +
         D12      A
         IC3      1
         IC3      2
         R4       1

N$28     C3       1
         IC1      5
         R16      1

N$29     IC4      11
         R11      1
         R12      1
         R15      1

N$30     IC4      14
         R17      1
         R18      1
         R19      1

N$31     JP1      6
         R15      2
         R19      2

N$32     JP3      4
         R27      2
         R30      2

N$33     JP1      4
         R12      2
         R18      2

N$34     JP1      2
         R11      2
         R17      2

N$35     JP3      2
         R26      2
         R29      2

N$36     IC5      11
         R35      1
         R36      1
         R37      1

N$37     D13      A
         D17      C
         IC4      16
         X1       1

N$38     D14      A
         D18      C
         IC4      13
         X1       2

N$39     D15      A
         D19      C
         IC4      12
         X1       3

N$40     D16      A
         D20      C
         IC4      9
         X1       4

N$41     LED4     K
         R23      2

N$43     C14      1
         IC4      7

N$44     C13      1
         IC4      5
         R25      1

N$45     IC4      17
         R23      1

N$47     IC5      14
         R38      1
         R39      1
         R40      1

N$48     JP4      6
         R37      2
         R40      2

N$49     JP4      4
         R36      2
         R39      2

N$50     JP4      2
         R35      2
         R38      2

N$55     D21      A
         D25      C
         IC5      16
         X4       1

N$56     D22      A
         D26      C
         IC5      13
         X4       2

N$57     D23      A
         D27      C
         IC5      12
         X4       3

N$58     D24      A
         D28      C
         IC5      9
         X4       4

N$59     LED6     K
         R32      2

N$61     C17      1
         IC5      7

N$62     C16      1
         IC5      5
         R34      1

N$63     IC5      17
         R32      1

N$73     D29      A
         D33      C
         IC6      16
         X5       1

N$74     D30      A
         D34      C
         IC6      13
         X5       2

N$75     D31      A
         D35      C
         IC6      12
         X5       3

N$76     D32      A
         D36      C
         IC6      9
         X5       4

N$77     LED8     K
         R41      2

N$79     C20      1
         IC6      7

N$80     C19      1
         IC6      5
         R43      1

N$81     IC6      17
         R41      1

TQ1      IC1      1
         RN1      6
         S        11

TQ2      IC1      2
         RN1      7
         S        12

TQ3      IC4      1
         RN3      6
         S1       11

TQ4      IC4      2
         RN3      7
         S1       12

TQ5      IC5      1
         RN4      6
         S2       11

TQ6      IC5      2
         RN4      7
         S2       12

TQ7      IC6      1
         RN5      6
         S3       11

TQ8      IC6      2
         RN5      7
         S3       12

X-DIR    IC5      21
         J3       1
         RN2      8
         X2       7

X-ENABLE IC5      4
         J3       2

X-STEP   D11      C
         IC5      3
         J3       3
         R3       2
         RN2      7
         X2       6

X-TQ     IC3      6
         S2       1
         S2       2

Y-DIR    IC4      21
         J2       1
         RN2      6
         X2       5

Y-ENABLE IC4      4
         J2       2

Y-STEP   D10      C
         IC4      3
         J2       3
         R1       2
         RN2      5
         X2       4

Y-TQ     IC3      8
         S1       1
         S1       2

Z-DIR    IC1      21
         J1       1
         RN2      4
         X2       3

Z-ENABLE IC1      4
         J1       2

Z-STEP   D9       C
         IC1      3
         J1       3
         R2       2
         RN2      3
         X2       2

Z-TQ     IC3      11
         S        1
         S        2

